Added Component: Designator=Z2(SOD3716X135N)
Add component (AddParameter): Name = "Arrow Part Number"; Value = "MMSZ4689T1G"; VariantName = "[No Variations]"
Add component (AddParameter): Name = "Arrow Price/Stock"; Value = "https://www.arrow.com/en/products/mmsz4689t1g/on-semiconductor?region=nac"; VariantName = "[No Variations]"
Add component (AddParameter): Name = "Datasheet Link"; Value = "http://www.onsemi.com/pub/Collateral/MMSZ4678T1-D.PDF"; VariantName = "[No Variations]"
Add component (AddParameter): Name = "Height"; Value = "1.35mm"; VariantName = "[No Variations]"
Add component (AddParameter): Name = "Manufacturer_Name"; Value = "onsemi"; VariantName = "[No Variations]"
Add component (AddParameter): Name = "Manufacturer_Part_Number"; Value = "MMSZ4689T1G"; VariantName = "[No Variations]"
Add component (AddParameter): Name = "Mouser Part Number"; Value = "863-MMSZ4689T1G"; VariantName = "[No Variations]"
Add component (AddParameter): Name = "Mouser Price/Stock"; Value = "https://www.mouser.co.uk/ProductDetail/onsemi/MMSZ4689T1G?qs=P4IOph%252Bbot%252Blaz%2FZtdyBaA%3D%3D"; VariantName = "[No Variations]"
Added Component: Designator=Z3(SOD3716X135N)
Add component (AddParameter): Name = "Arrow Part Number"; Value = "MMSZ4689T1G"; VariantName = "[No Variations]"
Add component (AddParameter): Name = "Arrow Price/Stock"; Value = "https://www.arrow.com/en/products/mmsz4689t1g/on-semiconductor?region=nac"; VariantName = "[No Variations]"
Add component (AddParameter): Name = "Datasheet Link"; Value = "http://www.onsemi.com/pub/Collateral/MMSZ4678T1-D.PDF"; VariantName = "[No Variations]"
Add component (AddParameter): Name = "Height"; Value = "1.35mm"; VariantName = "[No Variations]"
Add component (AddParameter): Name = "Manufacturer_Name"; Value = "onsemi"; VariantName = "[No Variations]"
Add component (AddParameter): Name = "Manufacturer_Part_Number"; Value = "MMSZ4689T1G"; VariantName = "[No Variations]"
Add component (AddParameter): Name = "Mouser Part Number"; Value = "863-MMSZ4689T1G"; VariantName = "[No Variations]"
Add component (AddParameter): Name = "Mouser Price/Stock"; Value = "https://www.mouser.co.uk/ProductDetail/onsemi/MMSZ4689T1G?qs=P4IOph%252Bbot%252Blaz%2FZtdyBaA%3D%3D"; VariantName = "[No Variations]"
Added Pin To Net: NetName=+5 Pin=Z2-1
Added Pin To Net: NetName=GND_TX_RF Pin=Z2-2
Added Pin To Net: NetName=+5 Pin=Z3-1
Added Pin To Net: NetName=GND_TX_RF Pin=Z3-2
Added Member To Class: ClassName=Radar_FMCW Member=Component Z2 MMSZ4689T1G
Added Member To Class: ClassName=Radar_FMCW Member=Component Z3 MMSZ4689T1G
